TN:
SF:src\index.ts
FN:4,(anonymous_0)
FN:5,(anonymous_1)
FN:6,(anonymous_2)
FNF:3
FNH:0
FNDA:0,(anonymous_0)
FNDA:0,(anonymous_1)
FNDA:0,(anonymous_2)
DA:1,0
DA:2,0
DA:4,0
DA:5,0
DA:6,0
LF:5
LH:0
BRF:0
BRH:0
end_of_record
TN:
SF:src\config\firebase.ts
FN:5,(anonymous_6)
FNF:1
FNH:1
FNDA:6,(anonymous_6)
DA:1,2
DA:2,2
DA:5,2
DA:6,6
DA:8,6
DA:10,0
DA:12,0
DA:14,6
DA:19,2
DA:21,2
DA:22,0
DA:27,2
DA:30,2
DA:31,2
DA:35,0
DA:36,0
DA:40,2
DA:43,2
DA:49,2
LF:19
LH:14
BRDA:6,0,0,6
BRDA:6,0,1,6
BRDA:8,1,0,0
BRDA:8,1,1,0
BRDA:8,1,2,6
BRDA:21,2,0,0
BRDA:21,2,1,2
BRF:7
BRH:4
end_of_record
TN:
SF:src\config\sentry.ts
FNF:0
FNH:0
DA:1,0
DA:3,0
LF:2
LH:0
BRDA:4,0,0,0
BRDA:4,0,1,0
BRDA:5,1,0,0
BRDA:5,1,1,0
BRF:4
BRH:0
end_of_record
TN:
SF:src\functions\healthCheck.ts
FN:4,(anonymous_6)
FNF:1
FNH:0
FNDA:0,(anonymous_6)
DA:1,0
DA:2,0
DA:4,0
DA:5,0
DA:11,0
DA:13,0
DA:14,0
LF:7
LH:0
BRF:0
BRH:0
end_of_record
TN:
SF:src\functions\processJob.ts
FN:9,(anonymous_6)
FN:12,(anonymous_7)
FNF:2
FNH:0
FNDA:0,(anonymous_6)
FNDA:0,(anonymous_7)
DA:1,0
DA:3,0
DA:4,0
DA:5,0
DA:6,0
DA:9,0
DA:10,0
DA:13,0
DA:14,0
DA:15,0
DA:16,0
DA:17,0
DA:20,0
DA:23,0
DA:25,0
DA:28,0
DA:30,0
DA:34,0
DA:36,0
DA:40,0
DA:42,0
DA:43,0
DA:46,0
DA:48,0
DA:50,0
DA:56,0
DA:63,0
LF:27
LH:0
BRDA:15,0,0,0
BRDA:15,0,1,0
BRDA:28,1,0,0
BRDA:28,1,1,0
BRDA:28,1,2,0
BRDA:48,2,0,0
BRDA:48,2,1,0
BRF:7
BRH:0
end_of_record
TN:
SF:src\functions\queueJob.ts
FN:8,(anonymous_7)
FN:32,(anonymous_8)
FNF:2
FNH:0
FNDA:0,(anonymous_7)
FNDA:0,(anonymous_8)
DA:1,0
DA:2,0
DA:3,0
DA:4,0
DA:5,0
DA:8,0
DA:10,0
DA:11,0
DA:17,0
DA:18,0
DA:21,0
DA:22,0
DA:24,0
DA:25,0
DA:28,0
DA:30,0
DA:33,0
DA:35,0
DA:53,0
DA:54,0
DA:55,0
DA:56,0
DA:58,0
DA:60,0
DA:66,0
DA:68,0
LF:26
LH:0
BRDA:10,0,0,0
BRDA:10,0,1,0
BRDA:10,1,0,0
BRDA:10,1,1,0
BRDA:10,2,0,0
BRDA:10,2,1,0
BRDA:17,3,0,0
BRDA:17,3,1,0
BRDA:21,4,0,0
BRDA:21,4,1,0
BRDA:21,5,0,0
BRDA:21,5,1,0
BRDA:22,6,0,0
BRDA:22,6,1,0
BRDA:22,7,0,0
BRDA:22,7,1,0
BRDA:24,8,0,0
BRDA:24,8,1,0
BRDA:41,9,0,0
BRDA:41,9,1,0
BRF:20
BRH:0
end_of_record
TN:
SF:src\helpers\sendEmail.ts
FN:11,sendEmailNotification
FNF:1
FNH:0
FNDA:0,sendEmailNotification
DA:1,0
DA:2,0
DA:11,0
DA:13,0
DA:21,0
DA:25,0
LF:6
LH:0
BRDA:15,0,0,0
BRDA:15,0,1,0
BRDA:16,1,0,0
BRDA:16,1,1,0
BRF:4
BRH:0
end_of_record
TN:
SF:src\jobs\deleteAccount.ts
FN:7,(anonymous_1)
FN:13,(anonymous_2)
FN:34,(anonymous_3)
FNF:3
FNH:3
FNDA:5,(anonymous_1)
FNDA:5,(anonymous_2)
FNDA:4,(anonymous_3)
DA:1,1
DA:2,1
DA:3,1
DA:4,1
DA:5,1
DA:7,1
DA:11,5
DA:14,5
DA:15,1
DA:18,4
DA:20,4
DA:23,3
DA:25,3
DA:26,1
DA:33,2
DA:34,2
DA:35,4
DA:37,2
DA:40,2
DA:43,2
DA:46,2
DA:49,2
DA:50,2
DA:51,2
DA:53,2
DA:58,1
DA:62,1
DA:66,2
DA:80,2
DA:86,2
DA:87,2
DA:88,2
LF:32
LH:32
BRDA:14,0,0,1
BRDA:14,0,1,4
BRDA:25,1,0,1
BRDA:25,1,1,2
BRDA:49,2,0,2
BRDA:49,2,1,0
BRF:6
BRH:5
end_of_record
TN:
SF:src\jobs\exportData.ts
FN:13,(anonymous_1)
FN:19,(anonymous_2)
FNF:2
FNH:2
FNDA:4,(anonymous_1)
FNDA:4,(anonymous_2)
DA:1,1
DA:2,1
DA:3,1
DA:4,1
DA:5,1
DA:6,1
DA:7,1
DA:9,1
DA:10,1
DA:11,1
DA:13,1
DA:17,4
DA:20,4
DA:21,1
DA:24,3
DA:26,3
DA:28,2
DA:29,0
DA:33,2
DA:34,2
DA:38,2
DA:39,2
DA:41,1
DA:51,2
DA:52,1
DA:56,1
DA:59,1
DA:60,1
DA:64,1
DA:68,1
DA:69,1
DA:70,1
DA:72,1
DA:80,1
DA:82,1
DA:88,1
DA:104,1
DA:110,2
DA:111,2
DA:112,2
LF:40
LH:39
BRDA:20,0,0,1
BRDA:20,0,1,3
BRDA:26,1,0,2
BRDA:26,1,1,0
BRDA:26,2,0,2
BRDA:26,2,1,2
BRDA:28,3,0,0
BRDA:28,3,1,2
BRDA:51,4,0,1
BRDA:51,4,1,1
BRDA:68,5,0,1
BRDA:68,5,1,0
BRF:12
BRH:9
end_of_record
